<?xml version="1.0" encoding="UTF-8"?>
<!-- Generated by org.testng.reporters.JUnitReportReporter -->
<testsuite hostname="DESKTOP-O0M08K0" failures="0" tests="1" name="organizationTest.ToCreateOrgWithTypeTest" time="29.372" errors="0" timestamp="2025-03-29T16:20:51 IST" skipped="0">
  <testcase classname="organizationTest.ToCreateOrgWithTypeTest" name="toCreateOrgWithTypeDropdown_004" time="29.372"/>
  <system-out>
    <![CDATA[Organization created with type dropdown successfully]]>
  </system-out>
</testsuite> <!-- organizationTest.ToCreateOrgWithTypeTest -->
