<?xml version="1.0" encoding="UTF-8"?>
<!-- Generated by org.testng.reporters.JUnitReportReporter -->
<testsuite hostname="DESKTOP-O0M08K0" failures="0" tests="1" name="organizationTest.ToCreateOrgWithIndustryTest" time="32.348" errors="0" timestamp="2025-04-05T10:30:43 IST" skipped="0">
  <testcase classname="organizationTest.ToCreateOrgWithIndustryTest" name="toCreateOrg_003" time="32.348"/>
  <system-out/>
</testsuite> <!-- organizationTest.ToCreateOrgWithIndustryTest -->
