<?xml version="1.0" encoding="UTF-8"?>
<!-- Generated by org.testng.reporters.JUnitReportReporter -->
<testsuite hostname="DESKTOP-O0M08K0" failures="0" tests="1" name="organizationTest.ToCreateOrgTest" time="25.342" errors="0" timestamp="2025-04-05T10:29:08 IST" skipped="0">
  <testcase classname="organizationTest.ToCreateOrgTest" name="toCreateContactWithOrgTest_002" time="25.342"/>
  <system-out/>
</testsuite> <!-- organizationTest.ToCreateOrgTest -->
