<?xml version="1.0" encoding="UTF-8"?>
<!-- Generated by org.testng.reporters.JUnitReportReporter -->
<testsuite hostname="DESKTOP-O0M08K0" failures="0" tests="1" name="contactTest.ToCreateContactTest" time="27.714" errors="0" timestamp="2025-04-05T09:53:00 IST" skipped="0">
  <testcase classname="contactTest.ToCreateContactTest" name="toCreateContact_001" time="27.714"/>
  <system-out/>
</testsuite> <!-- contactTest.ToCreateContactTest -->
