<?xml version="1.0" encoding="UTF-8"?>
<!-- Generated by org.testng.reporters.JUnitReportReporter -->
<testsuite hostname="DESKTOP-O0M08K0" failures="0" tests="1" name="contactTest.ToCreateContactWithOrgTest" time="27.732" errors="0" timestamp="2025-04-05T10:24:02 IST" skipped="0">
  <testcase classname="contactTest.ToCreateContactWithOrgTest" name="ToCreateContactWithOrgTest__005" time="27.732"/>
  <system-out/>
</testsuite> <!-- contactTest.ToCreateContactWithOrgTest -->
