<?xml version="1.0" encoding="UTF-8"?>
<!-- Generated by org.testng.reporters.JUnitReportReporter -->
<testsuite hostname="DESKTOP-O0M08K0" failures="0" tests="1" name="organizationTest.ToCreateOrgWithIndustryTest" time="30.384" errors="0" timestamp="2025-03-26T10:12:11 IST" skipped="0">
  <testcase classname="organizationTest.ToCreateOrgWithIndustryTest" name="toCreateOrg_003" time="30.384"/>
  <system-out/>
</testsuite> <!-- organizationTest.ToCreateOrgWithIndustryTest -->
